2025-02-17 16:38:02,527 - root - INFO - Application closed.
2025-02-17 16:45:45,684 - root - INFO - Application closed.
2025-02-17 17:01:03,790 - root - INFO - Searching for 'karen'...
2025-02-17 17:01:21,388 - root - INFO - Searching for 'kaba41079'...
2025-02-17 17:02:34,565 - root - INFO - Opening Assign Group window.
2025-02-17 17:02:34,565 - root - INFO - Assigning group to userid.
2025-02-17 17:02:34,565 - root - INFO - Group assigned successfully.
2025-02-17 17:02:34,565 - root - INFO - Closing Assign Group window.
2025-02-17 17:04:38,183 - root - INFO - Searching for 'karen'...
2025-02-17 17:04:53,156 - root - INFO - Searching for 'kaba41079'...
2025-02-17 17:05:12,280 - root - INFO - Opening Assign Group window.
2025-02-17 17:05:12,281 - root - INFO - Assigning group to userid.
2025-02-17 17:05:12,281 - root - INFO - Group assigned successfully.
2025-02-17 17:05:12,281 - root - INFO - Closing Assign Group window.
2025-02-17 17:07:49,976 - root - INFO - Searching for 'karen'...
2025-02-17 17:08:02,342 - root - INFO - Searching for 'kaba41079'...
2025-02-17 17:08:50,429 - root - INFO - Opening Assign Group window.
2025-02-17 17:08:50,430 - root - INFO - Assigning group to userid.
2025-02-17 17:08:50,430 - root - INFO - Group assigned successfully.
2025-02-17 17:08:50,430 - root - INFO - Closing Assign Group window.
2025-02-17 17:08:58,567 - root - INFO - Application closed.
2025-02-17 17:12:55,993 - root - INFO - Searching for 'karen'...
2025-02-17 17:13:11,645 - root - INFO - Searching for 'kaba41079'...
2025-02-17 17:13:51,197 - root - INFO - Opening Assign Group window.
2025-02-17 17:13:51,197 - root - INFO - Assigning group to userid.
2025-02-17 17:13:51,197 - root - INFO - Group assigned successfully.
2025-02-17 17:13:51,197 - root - INFO - Closing Assign Group window.
2025-02-17 17:14:48,116 - root - INFO - Searching for 'pc3222770'...
2025-02-17 17:15:15,452 - root - INFO - Application closed.
