2025-02-16 19:28:24,534 - root - INFO - Application closed.
2025-02-16 19:36:56,591 - root - INFO - Searching for 'pc05432443'...
2025-02-16 19:40:57,292 - root - INFO - Searching for 'bemo128758'...
2025-02-16 19:42:46,680 - root - INFO - Searching for 'bemo128758'...
2025-02-16 19:43:18,675 - root - INFO - Application closed.
2025-02-16 19:48:21,683 - root - INFO - Opening Assign Group window.
2025-02-16 19:48:21,683 - root - INFO - Assigning group to userid.
2025-02-16 19:48:21,683 - root - INFO - Group assigned successfully.
2025-02-16 19:48:21,683 - root - INFO - Closing Assign Group window.
2025-02-16 19:48:24,348 - root - INFO - Opening Assign Group window.
2025-02-16 19:48:24,348 - root - INFO - Assigning group to userid.
2025-02-16 19:48:24,348 - root - INFO - Group assigned successfully.
2025-02-16 19:48:24,348 - root - INFO - Closing Assign Group window.
2025-02-16 19:48:25,393 - root - INFO - Opening Assign Group window.
2025-02-16 19:48:25,393 - root - INFO - Assigning group to userid.
2025-02-16 19:48:25,393 - root - INFO - Group assigned successfully.
2025-02-16 19:48:25,393 - root - INFO - Closing Assign Group window.
2025-02-16 19:48:25,766 - root - INFO - Opening Assign Group window.
2025-02-16 19:48:25,766 - root - INFO - Assigning group to userid.
2025-02-16 19:48:25,766 - root - INFO - Group assigned successfully.
2025-02-16 19:48:25,766 - root - INFO - Closing Assign Group window.
2025-02-16 19:48:25,982 - root - INFO - Opening Assign Group window.
2025-02-16 19:48:25,982 - root - INFO - Assigning group to userid.
2025-02-16 19:48:25,982 - root - INFO - Group assigned successfully.
2025-02-16 19:48:25,982 - root - INFO - Closing Assign Group window.
2025-02-16 19:48:26,175 - root - INFO - Opening Assign Group window.
2025-02-16 19:48:26,175 - root - INFO - Assigning group to userid.
2025-02-16 19:48:26,175 - root - INFO - Group assigned successfully.
2025-02-16 19:48:26,175 - root - INFO - Closing Assign Group window.
2025-02-16 19:48:26,367 - root - INFO - Opening Assign Group window.
2025-02-16 19:48:26,367 - root - INFO - Assigning group to userid.
2025-02-16 19:48:26,367 - root - INFO - Group assigned successfully.
2025-02-16 19:48:26,367 - root - INFO - Closing Assign Group window.
2025-02-16 19:48:26,571 - root - INFO - Opening Assign Group window.
2025-02-16 19:48:26,571 - root - INFO - Assigning group to userid.
2025-02-16 19:48:26,571 - root - INFO - Group assigned successfully.
2025-02-16 19:48:26,571 - root - INFO - Closing Assign Group window.
2025-02-16 19:48:30,844 - root - INFO - Application closed.
2025-02-16 19:49:53,911 - root - INFO - Opening Assign Group window.
2025-02-16 19:49:53,911 - root - INFO - Assigning group to userid.
2025-02-16 19:49:53,911 - root - INFO - Group assigned successfully.
2025-02-16 19:49:53,911 - root - INFO - Closing Assign Group window.
2025-02-16 19:50:08,253 - root - INFO - Application closed.
2025-02-16 19:54:38,259 - root - INFO - Searching for 'bemo128758'...
2025-02-16 19:55:36,181 - root - INFO - Searching for 'userid: bemo128758'...
2025-02-16 19:57:17,028 - root - INFO - Application closed.
2025-02-16 20:16:00,353 - root - INFO - Searching for 'alca590198'...
2025-02-16 20:18:25,633 - root - INFO - Searching for 'alca590198'...
2025-02-16 20:18:39,002 - root - INFO - Opening Assign Group window.
2025-02-16 20:18:39,002 - root - INFO - Assigning group to userid.
2025-02-16 20:18:39,002 - root - INFO - Group assigned successfully.
2025-02-16 20:18:39,002 - root - INFO - Closing Assign Group window.
2025-02-16 20:18:48,737 - root - INFO - Opening Assign Group to Device window.
2025-02-16 20:18:48,737 - root - INFO - Assigning group to device.
2025-02-16 20:18:48,737 - root - INFO - Group assigned successfully.
2025-02-16 20:18:48,737 - root - INFO - Closing Assign Group to Device window.
2025-02-16 20:32:08,624 - root - INFO - Searching for 'alca590198'...
2025-02-16 20:32:32,774 - root - INFO - Application closed.
2025-02-16 20:34:32,927 - root - INFO - Searching for 'alca590198'...
2025-02-16 20:40:28,001 - root - INFO - Opening Assign Group window.
2025-02-16 20:40:28,001 - root - INFO - Assigning group to userid.
2025-02-16 20:40:28,001 - root - INFO - Group assigned successfully.
2025-02-16 20:40:28,001 - root - INFO - Closing Assign Group window.
2025-02-16 20:40:40,126 - root - INFO - Application closed.
2025-02-17 13:28:26,616 - root - INFO - Searching for 'karen'...
2025-02-17 13:28:39,030 - root - INFO - Searching for 'userid: kash983724'...
2025-02-17 13:28:49,534 - root - INFO - No results found.
2025-02-17 13:29:03,623 - root - INFO - Searching for 'kash983724'...
2025-02-17 13:50:47,963 - root - INFO - Searching for 'karen'...
2025-02-17 13:54:53,925 - root - INFO - Searching for 'karen'...
2025-02-17 13:55:06,594 - root - INFO - Searching for 'kash98372'...
2025-02-17 13:55:20,524 - root - INFO - Searching for 'kash98372'...
2025-02-17 13:55:40,128 - root - INFO - Application closed.
2025-02-17 14:02:37,475 - root - INFO - Application closed.
2025-02-17 14:07:07,073 - root - INFO - Application closed.
2025-02-17 14:08:43,724 - root - INFO - Application closed.
2025-02-17 14:09:11,203 - root - INFO - Application closed.
2025-02-17 14:23:36,621 - root - INFO - Application closed.
2025-02-17 14:24:13,277 - root - INFO - Application closed.
2025-02-17 14:31:36,872 - root - INFO - Application closed.
2025-02-17 14:34:05,841 - root - INFO - Application closed.
2025-02-17 14:36:47,631 - root - INFO - Application closed.
2025-02-17 14:38:06,568 - root - INFO - Searching for 'karen'...
2025-02-17 14:38:19,704 - root - INFO - Searching for 'kaba41079'...
2025-02-17 14:38:33,878 - root - INFO - Application closed.
